MPASM  5.51                          MAIN.ASM   4-29-2023  11:17:26         PAGE  1


LOC  OBJECT CODE     LINE SOURCE TEXT
  VALUE

                      00001 #INCLUDE <P16F628A.INC>
                      00001         LIST
                      00002 
                      00003 ;==========================================================================
                      00004 ;  MPASM PIC16F628A processor include
                      00005 ; 
                      00006 ;  (c) Copyright 1999-2013 Microchip Technology, All rights reserved
                      00007 ;==========================================================================
                      00008 
                      00385         LIST
Warning[205]: Found directive in column 1. (__CONFIG)
2007   3F62           00002 __CONFIG  _BODEN_ON & _CP_OFF & _PWRTE_ON & _WDT_OFF & _LVP_OFF & _MCLRE_ON & _HS_OSC
                      00003 
                      00004 #DEFINE BANK0   BCF STATUS,RP0  ;Seleciona Banco 0 de memória RAM
                      00005 #DEFINE BANK1   BSF STATUS,RP0  ;Seleciona Banco 1 de memória RAM
                      00006 #DEFINE btn     1
                      00007 #DEFINE ledBtn  0
                      00008 
                      00009 
                      00010 
                      00011         CBLOCK  0x20
  00000020            00012                 COUNT1
  00000021            00013                 COUNT2
  00000022            00014                 COUNT3
  00000023            00015                 AUXPORTB0
                      00016         ENDC
                      00017 
                      00018         ORG     0x00
0000   2???           00019         GOTO    INICIO
                      00020 
0001                  00021 INICIO
0001   1683           00022         BANK1
0002   3002           00023         MOVLW   B'00000010'     
Message[302]: Register in operand not in bank 0.  Ensure that bank bits are correct.
0003   0085           00024         MOVWF   TRISA
0004   3000           00025         MOVLW   B'00000000'
Message[302]: Register in operand not in bank 0.  Ensure that bank bits are correct.
0005   0086           00026         MOVWF   TRISB
0006   3000           00027         MOVLW   B'00000000'
0007   008B           00028         MOVWF   INTCON  
0008   1283           00029         BANK0   
0009   3007           00030         MOVLW   B'00000111'
000A   009F           00031         MOVWF   CMCON
000B   0186           00032         CLRF    PORTB
000C   01A2           00033         CLRF    COUNT3
                      00034 
000D                  00035 MAIN
000D   1885           00036         BTFSC   PORTA, btn ;mudei o bit test pra o led 0 acender quando aperto o botão
000E   2???           00037         GOTO    btnNotPressed   
                      00038                                                                 
000F   1406           00039         BSF             PORTB, ledBtn ;seta o bit 0 de portB
0010   2???           00040         GOTO    BTN_CONTINUE
                      00041 
MPASM  5.51                          MAIN.ASM   4-29-2023  11:17:26         PAGE  2


LOC  OBJECT CODE     LINE SOURCE TEXT
  VALUE

0011                  00042 btnNotPressed
0011   1006           00043         BCF             PORTB, ledBtn ; limpa o bit 0 de portB
                      00044 
0012                  00045 BTN_CONTINUE
0012   0AA0           00046         INCF    COUNT1, f ;incrementa count1
0013   1D03           00047         BTFSS   STATUS, Z
0014   2???           00048         GOTO    CONTINUE
                      00049 
0015   0AA1           00050         INCF    COUNT2, f
0016   1D03           00051         BTFSS   STATUS, Z
0017   2???           00052         GOTO    CONTINUE
                      00053                         
Warning[202]: Argument out of range.  Least significant bits used.
0018   30F4           00054         MOVLW   .500 ;botao apertado
0019   1885           00055         BTFSC   PORTA, btn ;botao apertado -> nao substitui o 500 pelo 100 em count2, ou seja, contador 
                            fica mais rápido
001A   3064           00056         MOVLW   .100  ;botao nao apertado
001B   00A1           00057         MOVWF   COUNT2
                      00058 
001C   0AA2           00059         INCF    COUNT3, f
                      00060 
001D                  00061 CONTINUE
001D   0806           00062         MOVF    PORTB, W
001E   3901           00063         ANDLW   B'00000001'
001F   00A3           00064         MOVWF   AUXPORTB0
0020   0822           00065         MOVF    COUNT3, W
0021   39FE           00066         ANDLW   B'11111110'
0022   0423           00067         IORWF   AUXPORTB0, W
0023   0086           00068         MOVWF   PORTB
0024   2???           00069         GOTO    MAIN
                      00070 
Warning[205]: Found directive in column 1. (END)
3F62                  00071 END
MPASM  5.51                          MAIN.ASM   4-29-2023  11:17:26         PAGE  3


SYMBOL TABLE
  LABEL                             VALUE 

ADDEN                             00000003
ADEN                              00000003
AUXPORTB0                         00000023
BANK0                             BCF STATUS,RP0
BANK1                             BSF STATUS,RP0
BRGH                              00000002
BTN_CONTINUE                      00000012
C                                 00000000
C1INV                             00000004
C1OUT                             00000006
C2INV                             00000005
C2OUT                             00000007
CCP1CON                           00000017
CCP1IE                            00000002
CCP1IF                            00000002
CCP1M0                            00000000
CCP1M1                            00000001
CCP1M2                            00000002
CCP1M3                            00000003
CCP1X                             00000005
CCP1Y                             00000004
CCPR1                             00000015
CCPR1H                            00000016
CCPR1L                            00000015
CIS                               00000003
CM0                               00000000
CM1                               00000001
CM2                               00000002
CMCON                             0000001F
CMIE                              00000006
CMIF                              00000006
CONTINUE                          0000001D
COUNT1                            00000020
COUNT2                            00000021
COUNT3                            00000022
CREN                              00000004
CSRC                              00000007
DATA_CP_OFF                       00003FFF
DATA_CP_ON                        00003EFF
DC                                00000001
EEADR                             0000009B
EECON1                            0000009C
EECON2                            0000009D
EEDATA                            0000009A
EEIE                              00000007
EEIF                              00000007
F                                 00000001
FERR                              00000002
FSR                               00000004
GIE                               00000007
INDF                              00000000
INICIO                            00000001
INTCON                            0000000B
MPASM  5.51                          MAIN.ASM   4-29-2023  11:17:26         PAGE  4


SYMBOL TABLE
  LABEL                             VALUE 

INTE                              00000004
INTEDG                            00000006
INTF                              00000001
IRP                               00000007
MAIN                              0000000D
NOT_BO                            00000000
NOT_BOD                           00000000
NOT_BOR                           00000000
NOT_PD                            00000003
NOT_POR                           00000001
NOT_RBPU                          00000007
NOT_T1SYNC                        00000002
NOT_TO                            00000004
OERR                              00000001
OPTION_REG                        00000081
OSCF                              00000003
PCL                               00000002
PCLATH                            0000000A
PCON                              0000008E
PEIE                              00000006
PIE1                              0000008C
PIR1                              0000000C
PORTA                             00000005
PORTB                             00000006
PR2                               00000092
PS0                               00000000
PS1                               00000001
PS2                               00000002
PSA                               00000003
RA0                               00000000
RA1                               00000001
RA2                               00000002
RA3                               00000003
RA4                               00000004
RA5                               00000005
RA6                               00000006
RA7                               00000007
RB0                               00000000
RB1                               00000001
RB2                               00000002
RB3                               00000003
RB4                               00000004
RB5                               00000005
RB6                               00000006
RB7                               00000007
RBIE                              00000003
RBIF                              00000000
RCIE                              00000005
RCIF                              00000005
RCREG                             0000001A
RCSTA                             00000018
RD                                00000000
RP0                               00000005
MPASM  5.51                          MAIN.ASM   4-29-2023  11:17:26         PAGE  5


SYMBOL TABLE
  LABEL                             VALUE 

RP1                               00000006
RX9                               00000006
RX9D                              00000000
SPBRG                             00000099
SPEN                              00000007
SREN                              00000005
STATUS                            00000003
SYNC                              00000004
T0CS                              00000005
T0IE                              00000005
T0IF                              00000002
T0SE                              00000004
T1CKPS0                           00000004
T1CKPS1                           00000005
T1CON                             00000010
T1OSCEN                           00000003
T2CKPS0                           00000000
T2CKPS1                           00000001
T2CON                             00000012
TMR0                              00000001
TMR0IE                            00000005
TMR0IF                            00000002
TMR1                              0000000E
TMR1CS                            00000001
TMR1H                             0000000F
TMR1IE                            00000000
TMR1IF                            00000000
TMR1L                             0000000E
TMR1ON                            00000000
TMR2                              00000011
TMR2IE                            00000001
TMR2IF                            00000001
TMR2ON                            00000002
TOUTPS0                           00000003
TOUTPS1                           00000004
TOUTPS2                           00000005
TOUTPS3                           00000006
TRISA                             00000085
TRISA0                            00000000
TRISA1                            00000001
TRISA2                            00000002
TRISA3                            00000003
TRISA4                            00000004
TRISA5                            00000005
TRISA6                            00000006
TRISA7                            00000007
TRISB                             00000086
TRISB0                            00000000
TRISB1                            00000001
TRISB2                            00000002
TRISB3                            00000003
TRISB4                            00000004
TRISB5                            00000005
MPASM  5.51                          MAIN.ASM   4-29-2023  11:17:26         PAGE  6


SYMBOL TABLE
  LABEL                             VALUE 

TRISB6                            00000006
TRISB7                            00000007
TRMT                              00000001
TX9                               00000006
TX9D                              00000000
TXEN                              00000005
TXIE                              00000004
TXIF                              00000004
TXREG                             00000019
TXSTA                             00000098
VR0                               00000000
VR1                               00000001
VR2                               00000002
VR3                               00000003
VRCON                             0000009F
VREN                              00000007
VROE                              00000006
VRR                               00000005
W                                 00000000
WR                                00000001
WREN                              00000002
WRERR                             00000003
Z                                 00000002
_BODEN_OFF                        00003FBF
_BODEN_ON                         00003FFF
_BOREN_OFF                        00003FBF
_BOREN_ON                         00003FFF
_CONFIG                           00002007
_CPD_OFF                          00003FFF
_CPD_ON                           00003EFF
_CP_OFF                           00003FFF
_CP_ON                            00001FFF
_DEVID1                           00002006
_ER_OSC_CLKOUT                    00003FFF
_ER_OSC_NOCLKOUT                  00003FFE
_EXTCLK_OSC                       00003FEF
_FOSC_ECIO                        00003FEF
_FOSC_EXTRCCLK                    00003FFF
_FOSC_EXTRCIO                     00003FFE
_FOSC_HS                          00003FEE
_FOSC_INTOSCCLK                   00003FFD
_FOSC_INTOSCIO                    00003FFC
_FOSC_LP                          00003FEC
_FOSC_XT                          00003FED
_HS_OSC                           00003FEE
_IDLOC0                           00002000
_IDLOC1                           00002001
_IDLOC2                           00002002
_IDLOC3                           00002003
_INTOSC_OSC_CLKOUT                00003FFD
_INTOSC_OSC_NOCLKOUT              00003FFC
_INTRC_OSC_CLKOUT                 00003FFD
_INTRC_OSC_NOCLKOUT               00003FFC
MPASM  5.51                          MAIN.ASM   4-29-2023  11:17:26         PAGE  7


SYMBOL TABLE
  LABEL                             VALUE 

_LP_OSC                           00003FEC
_LVP_OFF                          00003F7F
_LVP_ON                           00003FFF
_MCLRE_OFF                        00003FDF
_MCLRE_ON                         00003FFF
_PWRTE_OFF                        00003FFF
_PWRTE_ON                         00003FF7
_RC_OSC_CLKOUT                    00003FFF
_RC_OSC_NOCLKOUT                  00003FFE
_WDTE_OFF                         00003FFB
_WDTE_ON                          00003FFF
_WDT_OFF                          00003FFB
_WDT_ON                           00003FFF
_XT_OSC                           00003FED
__16F628A                         00000001
__DEBUG                           1
btn                               1
btnNotPressed                     00000011
ledBtn                            0

Errors   :     0
Warnings :     3 reported,     0 suppressed
Messages :     2 reported,     0 suppressed

