MPASM  5.51                          MAIN.ASM   5-27-2023  17:34:57         PAGE  1


LOC  OBJECT CODE     LINE SOURCE TEXT
  VALUE

                      00001 ; --- Listagem do Processador Utilizado ---
                      00002         list    p=16F628A                                               ;Utilizado PIC16F628A           
                      00003         
                      00004 ; --- Arquivos Inclusos no Projeto ---
                      00005         #include <p16F628a.inc>                                 ;inclui o arquivo do PIC 16F628A
                      00001         LIST
                      00002 
                      00003 ;==========================================================================
                      00004 ;  MPASM PIC16F628A processor include
                      00005 ; 
                      00006 ;  (c) Copyright 1999-2013 Microchip Technology, All rights reserved
                      00007 ;==========================================================================
                      00008 
                      00385         LIST
                      00006         
                      00007         
                      00008 ; --- FUSE Bits ---
                      00009 ; - Cristal de 4MHz
                      00010 ; - Desabilitamos o Watch Dog Timer
                      00011 ; - Habilitamos o Power Up Timer
                      00012 ; - Brown Out desabilitado
                      00013 ; - Sem programação em baixa tensão, sem proteção de código, sem proteção da memória EEPROM
                      00014 ; - Master Clear Desabilitado
2007   3F01           00015         __config _XT_OSC & _WDT_OFF & _PWRTE_ON & _BOREN_OFF & _LVP_OFF & _CP_OFF & _CPD_OFF & _MCLRE_OF
                            F
                      00016         
                      00017         
                      00018 ; --- Paginação de Memória ---
                      00019         #define         BANK0   bcf     STATUS,RP0              ;Cria um mnemônico para selecionar o ban
                            co 0 de memória
                      00020         #define         BANK1   bsf     STATUS,RP0              ;Cria um mnemônico para selecionar o ban
                            co 1 de memória
                      00021         
                      00022         
                      00023 ; --- Mapeamento de Hardware (PARADOXUS PEPTO) ---
                      00024         #define         LED2    PORTB,7                         ;LED2 ligado ao pino RA2
                      00025         #define         S2              PORTA,2                         ;Botão S2 ligado ao pino RA5
                      00026 
                      00027 ; --- Máscaras de bit ---
                      00028         #define MASK_LED_BTN B'10000000' ;Máscara para alterar apenas o led que corresponde ao estado de
                             RA2
                      00029         #define MASK_LEDS_COUNTER B'01111111' ;Máscara para alterar apenas os leds da saída do contador
                      00030 
                      00031 
                      00032 ; --- Registradores de Uso Geral ---
                      00033         cblock          H'20'                                           ;Início da memória disponível pa
                            ra o usuário
                      00034         
  00000020            00035         W_TEMP                                                                  ;Registrador para armaze
                            nar o conteúdo temporário de work
  00000021            00036         STATUS_TEMP                                                             ;Registrador para armaze
                            nar o conteúdo temporário de STATUS
  00000022            00037         counter                                                                 ;Registrador auxiliar de
MPASM  5.51                          MAIN.ASM   5-27-2023  17:34:57         PAGE  2


LOC  OBJECT CODE     LINE SOURCE TEXT
  VALUE

                             contagem
  00000023            00038         timer                                                                   ;Registrador para atuali
                            zar valor do display
  00000024            00039         AUXPORTB7
                      00040         endc                                                                    ;Final da memória do usu
                            ário
                      00041         
                      00042 
                      00043 ; --- Vetor de RESET ---
                      00044         org                     H'0000'                                         ;Origem no endereço 00h 
                            de memória
0000   2???           00045         goto            BEGIN                                           ;Desvia para a label início
                      00046         
                      00047 
                      00048 ; --- Vetor de Interrupção ---
                      00049         org                     H'0004'                                         ;As interrupções deste p
                            rocessador apontam para este endereço
                      00050         
                      00051 ; -- Salva Contexto --
0004   00A0           00052         movwf           W_TEMP                                          ;Copia o conteúdo de Work para W
                            _TEMP
0005   0E03           00053         swapf           STATUS,W                                        ;Move o conteúdo de STATUS com o
                            s nibbles invertidos para Work
0006   1283           00054         BANK0                                                                   ;Seleciona o banco 0 de 
                            memória (padrão do RESET) 
0007   00A1           00055         movwf           STATUS_TEMP                                     ;Copia o conteúdo de STATUS com 
                            os nibbles invertidos para STATUS_TEMP
                      00056 
                      00057 ; -- Final do Salvamento de Contexto -- 
0008   1C0C           00058         btfss           PIR1,TMR1IF                                     ;houve overflow do Timer1?
0009   2???           00059         goto            EXIT_ISR                                        ;não, desvia para saída da inter
                            rupção
000A   100C           00060         bcf                     PIR1,TMR1IF                                     ;limpa a flag
000B   30C8           00061         movlw           H'C8'                                           ;move a literal 200 (decimal) pa
                            ra work
000C   1D05           00062         BTFSS       S2                                                  ;testa o bit do botão RA2
000D   2???           00063         GOTO BUTTON_PRESSED                                             ;se pressionado, vai para BUTTON
                            _PRESSED
000E   2???           00064         GOTO BUTTON_RELEASED                                    ;se solto, vai para BUTTON_RELEASED
                      00065 
000F                  00066 BUTTON_PRESSED:         
000F   1386           00067         BCF LED2                                                        ;apaga PORTB7
0010   3064           00068         MOVLW       H'64'                                               ;move a literal 100 (decimal) pa
                            ra work, como esse valor é sobrescrito de C8 se o botão por pressionado e é mum valor menor, o t
0011   2???           00069         GOTO NEXT                                                               ;vai para a label NEXT
                      00070 
0012                  00071 BUTTON_RELEASED:                                                                
0012   1786           00072         BSF LED2                                                                ;acende PORTB7
0013   2???           00073         GOTO NEXT                                                               ;vai para a label NEXT
                      00074 
0014                  00075 NEXT:
0014   008F           00076         movwf           TMR1H                                           ;reinicializa o byte mais signif
                            icativo do Timer1
MPASM  5.51                          MAIN.ASM   5-27-2023  17:34:57         PAGE  3


LOC  OBJECT CODE     LINE SOURCE TEXT
  VALUE

0015   30B0           00077         movlw           H'B0'                                           ;move a literal B0h para work
0016   008E           00078         movwf           TMR1L                                           ;reinicializa o byte menos signi
                            ficativo do Timer1
                      00079 
0017   0AA2           00080         incf            counter,F                                       ;incrementa counter em uma unida
                            de
0018   3005           00081         movlw           H'05'                                           ;move literal 05h para work
0019   0622           00082         xorwf           counter,W                                       ; W = counter XOR B'00000101'
                      00083         
001A   1D03           00084         btfss           STATUS,Z                                        ;Resultado da operação foi zero?
001B   2???           00085         goto            EXIT_ISR                                        ;não, desvia para saída da inter
                            rupção
001C   01A2           00086         clrf            counter                                         ;zera counter
                      00087         
001D   0FA3           00088         incfsz          timer,F                                         ;Decrementa contador auxiliar. t
                            imer igual a zero?
001E   2???           00089         goto            EXIT_ISR                                        ;Não, desvia para saída da inter
                            rupção
                      00090         
                      00091 
                      00092 
                      00093 ; -- Recupera Contexto (Saída da Interrupção) --
001F                  00094 EXIT_ISR:
001F   0E21           00095         swapf           STATUS_TEMP,W                           ;Copia em Work o conteúdo de STATUS_TEMP
                             com os nibbles invertidos
0020   0083           00096         movwf           STATUS                                          ;Recupera o conteúdo de STATUS
0021   0EA0           00097         swapf           W_TEMP,F                                        ;W_TEMP = W_TEMP com os nibbles 
                            invertidos 
0022   0E20           00098         swapf           W_TEMP,W                                        ;Recupera o conteúdo de Work    
0023   0009           00099         retfie                                                                  ;Retorna da interrupção
                      00100 
0024                  00101 BEGIN:
0024   1683           00102         BANK1                                                                   ;muda para o banco 1 de 
                            memória
0025   3004           00103         movlw           B'00000100'                                     ;move literal B'00000100' para w
                            ork
Message[302]: Register in operand not in bank 0.  Ensure that bank bits are correct.
0026   0085           00104         movwf           TRISA                                           ;configura RA3 como saída
0027   3000           00105         movlw           B'00000000'                                     ;move literal B'00000000' para w
                            ork
Message[302]: Register in operand not in bank 0.  Ensure that bank bits are correct.
0028   0086           00106         movwf           TRISB                                           ;configura TRISB como saída
Message[302]: Register in operand not in bank 0.  Ensure that bank bits are correct.
0029   140C           00107         bsf                     PIE1,TMR1IE                                     ;habilita a interrupção 
                            do Timer1
002A   1283           00108         BANK0                                                                   ;muda para o banco 0 de 
                            memória
002B   30C0           00109         movlw           B'11000000'                                     ;move o a literal B'11000000' pa
                            ra work
002C   008B           00110         movwf           INTCON                                          ;habilita a interrupção gloal e 
                            dos periféricos
002D   3021           00111         movlw           H'21'                                           ;move a literal 21h para work
002E   0090           00112         movwf           T1CON                                           ;liga o Timer1, prescaler 1:4, i
MPASM  5.51                          MAIN.ASM   5-27-2023  17:34:57         PAGE  4


LOC  OBJECT CODE     LINE SOURCE TEXT
  VALUE

                            ncrementa com o ciclo de máquina
002F   303C           00113         movlw           H'3C'                                           ;move a literal 3Ch para work
0030   008F           00114         movwf           TMR1H                                           ;inicializa o byte mais signific
                            ativo do Timer1
0031   30B0           00115         movlw           H'B0'                                           ;move a literal B0h para work
0032   008E           00116         movwf           TMR1L                                           ;inicializa o byte menos signifi
                            cativo do Timer1
0033   01A2           00117         clrf            counter                                         ;zera o counter
0034   3000           00118         movlw           B'00000000'                                     ;move literal B'00000000' para w
                            ork
0035   00A3           00119         movwf           timer                                           ;inicializa timer               
                                                            
                      00120 
0036                  00121 UPDATE:                                         ;chama subrotina para atualizar display 
0036   0806           00122         MOVF    PORTB, W                                ;move o conteudo atual de portb para w
0037   3980           00123                         ANDLW   MASK_LED_BTN                    ;faz o and com o ultimo bit (nao sera mo
                            dif.)
0038   00A4           00124                         MOVWF   AUXPORTB7                       ;move o atual valor de W para F (apos o 
                            and)
0039   0823           00125                         MOVF    timer,W                                 ;move o conteúdo de timer para w
                            ork
003A   397F           00126                         ANDLW   MASK_LEDS_COUNTER               ;máscara para valor de contador. Conside
                            ra somente até 127
003B   0424           00127                         IORWF   AUXPORTB7, W                    ;faz OR de W com auxportb               
                                    
003C   0086           00128                         MOVWF   PORTB                           ;move o resultado para PORTB
                      00129   
003D   2???           00130                         GOTO    UPDATE                  ;retorna para a label ENDLESS_LOOP
                      00131                                                         
3F01                  00132         END                                                                             ;Final do Progra
                            ma
MPASM  5.51                          MAIN.ASM   5-27-2023  17:34:57         PAGE  5


SYMBOL TABLE
  LABEL                             VALUE 

ADDEN                             00000003
ADEN                              00000003
AUXPORTB7                         00000024
BANK0                             bcf     STATUS,RP0
BANK1                             bsf     STATUS,RP0
BEGIN                             00000024
BRGH                              00000002
BUTTON_PRESSED                    0000000F
BUTTON_RELEASED                   00000012
C                                 00000000
C1INV                             00000004
C1OUT                             00000006
C2INV                             00000005
C2OUT                             00000007
CCP1CON                           00000017
CCP1IE                            00000002
CCP1IF                            00000002
CCP1M0                            00000000
CCP1M1                            00000001
CCP1M2                            00000002
CCP1M3                            00000003
CCP1X                             00000005
CCP1Y                             00000004
CCPR1                             00000015
CCPR1H                            00000016
CCPR1L                            00000015
CIS                               00000003
CM0                               00000000
CM1                               00000001
CM2                               00000002
CMCON                             0000001F
CMIE                              00000006
CMIF                              00000006
CREN                              00000004
CSRC                              00000007
DATA_CP_OFF                       00003FFF
DATA_CP_ON                        00003EFF
DC                                00000001
EEADR                             0000009B
EECON1                            0000009C
EECON2                            0000009D
EEDATA                            0000009A
EEIE                              00000007
EEIF                              00000007
EXIT_ISR                          0000001F
F                                 00000001
FERR                              00000002
FSR                               00000004
GIE                               00000007
INDF                              00000000
INTCON                            0000000B
INTE                              00000004
INTEDG                            00000006
MPASM  5.51                          MAIN.ASM   5-27-2023  17:34:57         PAGE  6


SYMBOL TABLE
  LABEL                             VALUE 

INTF                              00000001
IRP                               00000007
LED2                              PORTB,7
MASK_LEDS_COUNTER                 B'01111111'
MASK_LED_BTN                      B'10000000'
NEXT                              00000014
NOT_BO                            00000000
NOT_BOD                           00000000
NOT_BOR                           00000000
NOT_PD                            00000003
NOT_POR                           00000001
NOT_RBPU                          00000007
NOT_T1SYNC                        00000002
NOT_TO                            00000004
OERR                              00000001
OPTION_REG                        00000081
OSCF                              00000003
PCL                               00000002
PCLATH                            0000000A
PCON                              0000008E
PEIE                              00000006
PIE1                              0000008C
PIR1                              0000000C
PORTA                             00000005
PORTB                             00000006
PR2                               00000092
PS0                               00000000
PS1                               00000001
PS2                               00000002
PSA                               00000003
RA0                               00000000
RA1                               00000001
RA2                               00000002
RA3                               00000003
RA4                               00000004
RA5                               00000005
RA6                               00000006
RA7                               00000007
RB0                               00000000
RB1                               00000001
RB2                               00000002
RB3                               00000003
RB4                               00000004
RB5                               00000005
RB6                               00000006
RB7                               00000007
RBIE                              00000003
RBIF                              00000000
RCIE                              00000005
RCIF                              00000005
RCREG                             0000001A
RCSTA                             00000018
RD                                00000000
MPASM  5.51                          MAIN.ASM   5-27-2023  17:34:57         PAGE  7


SYMBOL TABLE
  LABEL                             VALUE 

RP0                               00000005
RP1                               00000006
RX9                               00000006
RX9D                              00000000
S2                                PORTA,2
SPBRG                             00000099
SPEN                              00000007
SREN                              00000005
STATUS                            00000003
STATUS_TEMP                       00000021
SYNC                              00000004
T0CS                              00000005
T0IE                              00000005
T0IF                              00000002
T0SE                              00000004
T1CKPS0                           00000004
T1CKPS1                           00000005
T1CON                             00000010
T1OSCEN                           00000003
T2CKPS0                           00000000
T2CKPS1                           00000001
T2CON                             00000012
TMR0                              00000001
TMR0IE                            00000005
TMR0IF                            00000002
TMR1                              0000000E
TMR1CS                            00000001
TMR1H                             0000000F
TMR1IE                            00000000
TMR1IF                            00000000
TMR1L                             0000000E
TMR1ON                            00000000
TMR2                              00000011
TMR2IE                            00000001
TMR2IF                            00000001
TMR2ON                            00000002
TOUTPS0                           00000003
TOUTPS1                           00000004
TOUTPS2                           00000005
TOUTPS3                           00000006
TRISA                             00000085
TRISA0                            00000000
TRISA1                            00000001
TRISA2                            00000002
TRISA3                            00000003
TRISA4                            00000004
TRISA5                            00000005
TRISA6                            00000006
TRISA7                            00000007
TRISB                             00000086
TRISB0                            00000000
TRISB1                            00000001
TRISB2                            00000002
MPASM  5.51                          MAIN.ASM   5-27-2023  17:34:57         PAGE  8


SYMBOL TABLE
  LABEL                             VALUE 

TRISB3                            00000003
TRISB4                            00000004
TRISB5                            00000005
TRISB6                            00000006
TRISB7                            00000007
TRMT                              00000001
TX9                               00000006
TX9D                              00000000
TXEN                              00000005
TXIE                              00000004
TXIF                              00000004
TXREG                             00000019
TXSTA                             00000098
UPDATE                            00000036
VR0                               00000000
VR1                               00000001
VR2                               00000002
VR3                               00000003
VRCON                             0000009F
VREN                              00000007
VROE                              00000006
VRR                               00000005
W                                 00000000
WR                                00000001
WREN                              00000002
WRERR                             00000003
W_TEMP                            00000020
Z                                 00000002
_BODEN_OFF                        00003FBF
_BODEN_ON                         00003FFF
_BOREN_OFF                        00003FBF
_BOREN_ON                         00003FFF
_CONFIG                           00002007
_CPD_OFF                          00003FFF
_CPD_ON                           00003EFF
_CP_OFF                           00003FFF
_CP_ON                            00001FFF
_DEVID1                           00002006
_ER_OSC_CLKOUT                    00003FFF
_ER_OSC_NOCLKOUT                  00003FFE
_EXTCLK_OSC                       00003FEF
_FOSC_ECIO                        00003FEF
_FOSC_EXTRCCLK                    00003FFF
_FOSC_EXTRCIO                     00003FFE
_FOSC_HS                          00003FEE
_FOSC_INTOSCCLK                   00003FFD
_FOSC_INTOSCIO                    00003FFC
_FOSC_LP                          00003FEC
_FOSC_XT                          00003FED
_HS_OSC                           00003FEE
_IDLOC0                           00002000
_IDLOC1                           00002001
_IDLOC2                           00002002
MPASM  5.51                          MAIN.ASM   5-27-2023  17:34:57         PAGE  9


SYMBOL TABLE
  LABEL                             VALUE 

_IDLOC3                           00002003
_INTOSC_OSC_CLKOUT                00003FFD
_INTOSC_OSC_NOCLKOUT              00003FFC
_INTRC_OSC_CLKOUT                 00003FFD
_INTRC_OSC_NOCLKOUT               00003FFC
_LP_OSC                           00003FEC
_LVP_OFF                          00003F7F
_LVP_ON                           00003FFF
_MCLRE_OFF                        00003FDF
_MCLRE_ON                         00003FFF
_PWRTE_OFF                        00003FFF
_PWRTE_ON                         00003FF7
_RC_OSC_CLKOUT                    00003FFF
_RC_OSC_NOCLKOUT                  00003FFE
_WDTE_OFF                         00003FFB
_WDTE_ON                          00003FFF
_WDT_OFF                          00003FFB
_WDT_ON                           00003FFF
_XT_OSC                           00003FED
__16F628A                         00000001
__DEBUG                           1
counter                           00000022
timer                             00000023

Errors   :     0
Warnings :     0 reported,     0 suppressed
Messages :     3 reported,     0 suppressed

